#
# A fatal error has been detected by the Java Runtime Environment:
#
#  EXCEPTION_ACCESS_VIOLATION (0xc0000005) at pc=0x0000000069ac298f, pid=7552, tid=12200
#
# JRE version: Java(TM) SE Runtime Environment (15.0.2+7) (build 15.0.2+7-27)
# Java VM: Java HotSpot(TM) 64-Bit Server VM (15.0.2+7-27, mixed mode, sharing, tiered, compressed oops, g1 gc, windows-amd64)
# Problematic frame:
# C  [jansi-2.1.0-f32cb1a6e9cca32a-jansi.dll+0x298f]
#
# No core dump will be written. Minidumps are not enabled by default on client versions of Windows
#
# If you would like to submit a bug report, please visit:
#   https://bugreport.java.com/bugreport/crash.jsp
# The crash happened outside the Java Virtual Machine in native code.
# See problematic frame for where to report the bug.
#

---------------  S U M M A R Y ------------

Command Line: C:\Users\User\IdeaProjects\JoyCasino\ideabuild\Casino_jar\Casino.jar

Host: Intel(R) Core(TM) i5-10400F CPU @ 2.90GHz, 12 cores, 15G,  Windows 10 , 64 bit Build 17763 (10.0.17763.2145)
Time: Thu Oct 21 18:24:16 2021 Oeieyiaey (eaoi) elapsed time: 0.670202 seconds (0d 0h 0m 0s)

---------------  T H R E A D  ---------------

Current thread (0x0000025b07273760):  JavaThread "main" [_thread_in_native, id=12200, stack(0x0000009f4f800000,0x0000009f4f900000)]

Stack: [0x0000009f4f800000,0x0000009f4f900000],  sp=0x0000009f4f8ff0a0,  free space=1020k
Native frames: (J=compiled Java code, j=interpreted, Vv=VM code, C=native code)
C  [jansi-2.1.0-f32cb1a6e9cca32a-jansi.dll+0x298f]

Java frames: (J=compiled Java code, j=interpreted, Vv=VM code)
j  org.fusesource.jansi.internal.CLibrary.isatty(I)I+0
j  org.fusesource.jansi.AnsiConsole.ansiStream(Z)Lorg/fusesource/jansi/AnsiPrintStream;+56
j  org.fusesource.jansi.AnsiConsole.initStreams()V+7
j  org.fusesource.jansi.AnsiConsole.systemInstall()V+15
j  ua.PGFKCasino.Main.main([Ljava/lang/String;)V+0
v  ~StubRoutines::call_stub

siginfo: EXCEPTION_ACCESS_VIOLATION (0xc0000005), writing address 0x0000000000000000


Register to memory mapping:

RIP=0x0000000069ac298f jansi-2.1.0-f32cb1a6e9cca32a-jansi.dll
RAX=0x0 is NULL
RBX={method} {0x0000025b2b208678} 'isatty' '(I)I' in 'org/fusesource/jansi/internal/CLibrary'
RCX=0x0 is NULL
RDX=0x0000000069ac7362 jansi-2.1.0-f32cb1a6e9cca32a-jansi.dll
RSP=0x0000009f4f8ff0a0 is pointing into the stack for thread: 0x0000025b07273760
RBP=0x0000009f4f8ff568 is pointing into the stack for thread: 0x0000025b07273760
RSI=0x0 is NULL
RDI=0x0000025b2ae07fe8 is pointing into metadata
R8 =0x0000009f4f8ff098 is pointing into the stack for thread: 0x0000025b07273760
R9 =0x0000009f4f8ff568 is pointing into the stack for thread: 0x0000025b07273760
R10=0x0 is NULL
R11=0x0000000000000246 is an unknown value
R12=0x0 is NULL
R13={method} {0x0000025b2b208678} 'isatty' '(I)I' in 'org/fusesource/jansi/internal/CLibrary'
R14=0x0000009f4f8ff588 is pointing into the stack for thread: 0x0000025b07273760
R15=0x0000025b07273760 is a thread


Registers:
RAX=0x0000000000000000, RBX=0x0000025b2b208670, RCX=0x0000000000000000, RDX=0x0000000069ac7362
RSP=0x0000009f4f8ff0a0, RBP=0x0000009f4f8ff568, RSI=0x0000000000000000, RDI=0x0000025b2ae07fe8
R8 =0x0000009f4f8ff098, R9 =0x0000009f4f8ff568, R10=0x0000000000000000, R11=0x0000000000000246
R12=0x0000000000000000, R13=0x0000025b2b208670, R14=0x0000009f4f8ff588, R15=0x0000025b07273760
RIP=0x0000000069ac298f, EFLAGS=0x0000000000010246

Top of Stack: (sp=0x0000009f4f8ff0a0)
0x0000009f4f8ff0a0:   0000025b2b208670 00007ffc770ffbe0
0x0000009f4f8ff0b0:   0000009f4f8ff568 0000000000000000
0x0000009f4f8ff0c0:   0000009f4f8ff0dc 00007ffc00000000
0x0000009f4f8ff0d0:   00000000ffffffff 0000001021ef2b30
0x0000009f4f8ff0e0:   0000000000000000 0000000000000000
0x0000009f4f8ff0f0:   0000025b2b208670 0000025b07273760
0x0000009f4f8ff100:   0000009f4f8ff2d0 00007ffc21cc80c3
0x0000009f4f8ff110:   0000009f4f8ff3f0 0000025b0f4ccd00
0x0000009f4f8ff120:   00000000ffffffff 00007ffc21c94424
0x0000009f4f8ff130:   0000025b2b208670 0000025b07273760
0x0000009f4f8ff140:   00007ffc22168bf0 0000000000000000
0x0000009f4f8ff150:   0000009f00000007 0000025b0f4ac216
0x0000009f4f8ff160:   0000025b2b208670 0000009f4f8ff300
0x0000009f4f8ff170:   0000025b0f4ac216 00007ffc21f7cac8
0x0000009f4f8ff180:   0000025b0f4cdd6c 000000000000000e
0x0000009f4f8ff190:   0000009f4f8ff2d0 00007ffc21b53821 

Instructions: (pc=0x0000000069ac298f)
0x0000000069ac288f:   80 04 00 00 48 8b 54 24 28 48 8b 4c 24 20 41 b9
0x0000000069ac289f:   08 00 00 00 49 89 c0 48 89 d8 48 83 c4 30 5b 48
0x0000000069ac28af:   ff e0 e9 2c f7 ff ff 90 90 90 90 90 90 90 90 90
0x0000000069ac28bf:   90 41 54 48 81 ec 40 04 00 00 44 89 c1 ff 15 f2
0x0000000069ac28cf:   9a 00 00 49 89 c4 48 89 c1 ff 15 ce 99 00 00 83
0x0000000069ac28df:   f8 02 75 15 48 8d 54 24 40 4c 89 e1 ff 15 8b 99
0x0000000069ac28ef:   00 00 85 c0 e9 ba 00 00 00 48 83 3d 20 77 00 00
0x0000000069ac28ff:   00 75 14 48 8d 0d 37 4a 00 00 ff 15 e5 99 00 00
0x0000000069ac290f:   48 89 05 0a 77 00 00 48 8b 0d 03 77 00 00 48 85
0x0000000069ac291f:   c9 75 07 31 c0 e9 aa 00 00 00 48 83 3d f7 76 00
0x0000000069ac292f:   00 00 75 14 48 8d 15 1a 4a 00 00 ff 15 84 99 00
0x0000000069ac293f:   00 48 89 05 e1 76 00 00 48 8b 05 da 76 00 00 48
0x0000000069ac294f:   85 c0 74 cf 48 8d 54 24 3c 41 b9 fe 03 00 00 4c
0x0000000069ac295f:   8d 44 24 40 4c 89 e1 48 89 54 24 20 ba 01 00 00
0x0000000069ac296f:   00 ff d0 85 c0 75 ac 8b 44 24 40 4c 8b 64 24 48
0x0000000069ac297f:   48 8d 15 dc 49 00 00 66 d1 e8 4c 89 e1 0f b7 c0
0x0000000069ac298f:   66 41 c7 04 44 00 00 e8 75 27 00 00 48 85 c0 74
0x0000000069ac299f:   1a 48 8d 15 c7 49 00 00 4c 89 e1 e8 61 27 00 00
0x0000000069ac29af:   48 85 c0 0f 95 c0 0f b6 c0 eb 19 48 8d 15 b7 49
0x0000000069ac29bf:   00 00 4c 89 e1 e8 47 27 00 00 48 85 c0 75 d2 e9
0x0000000069ac29cf:   4f ff ff ff 48 81 c4 40 04 00 00 41 5c c3 90 90
0x0000000069ac29df:   90 41 54 48 83 ec 20 83 3d f3 7f 00 00 00 49 89
0x0000000069ac29ef:   cc 75 6b 48 8b 01 ff 90 f8 00 00 00 4c 8d 0d 8e
0x0000000069ac29ff:   49 00 00 4c 8d 05 89 49 00 00 4c 89 e1 48 89 c2
0x0000000069ac2a0f:   48 89 05 d2 7f 00 00 49 8b 04 24 ff 90 f0 02 00
0x0000000069ac2a1f:   00 48 8b 15 c1 7f 00 00 4c 8d 0d 6f 49 00 00 4c
0x0000000069ac2a2f:   89 e1 48 89 05 b8 7f 00 00 49 8b 04 24 4c 8d 05
0x0000000069ac2a3f:   5c 49 00 00 ff 90 f0 02 00 00 48 89 05 a8 7f 00
0x0000000069ac2a4f:   00 0f ae f0 c7 05 83 7f 00 00 01 00 00 00 48 83
0x0000000069ac2a5f:   c4 20 41 5c c3 41 56 41 55 41 54 48 83 ec 20 83
0x0000000069ac2a6f:   3d 6b 7f 00 00 00 49 89 cc 49 89 d6 4d 89 c5 75
0x0000000069ac2a7f:   05 e8 5b ff ff ff 49 8b 04 24 4c 89 f2 4c 89 e1 


Stack slot to memory mapping:
stack at sp + 0 slots: {method} {0x0000025b2b208678} 'isatty' '(I)I' in 'org/fusesource/jansi/internal/CLibrary'
stack at sp + 1 slots: 0x00007ffc770ffbe0 ntdll.dll
stack at sp + 2 slots: 0x0000009f4f8ff568 is pointing into the stack for thread: 0x0000025b07273760
stack at sp + 3 slots: 0x0 is NULL
stack at sp + 4 slots: 0x0000009f4f8ff0dc is pointing into the stack for thread: 0x0000025b07273760
stack at sp + 5 slots: 0x00007ffc00000000 is an unknown value
stack at sp + 6 slots: 0x00000000ffffffff is an unknown value
stack at sp + 7 slots: 0x0000001021ef2b30 is an unknown value


---------------  P R O C E S S  ---------------

Threads class SMR info:
_java_thread_list=0x0000025b2b781740, length=11, elements={
0x0000025b07273760, 0x0000025b2ada2c30, 0x0000025b2ada3c20, 0x0000025b2adc1af0,
0x0000025b2adc24b0, 0x0000025b2adc7f80, 0x0000025b2adcc260, 0x0000025b2add5220,
0x0000025b2adde4e0, 0x0000025b2b781100, 0x0000025b2b786900
}

Java Threads: ( => current thread )
=>0x0000025b07273760 JavaThread "main" [_thread_in_native, id=12200, stack(0x0000009f4f800000,0x0000009f4f900000)]
  0x0000025b2ada2c30 JavaThread "Reference Handler" daemon [_thread_blocked, id=1268, stack(0x0000009f4ff00000,0x0000009f50000000)]
  0x0000025b2ada3c20 JavaThread "Finalizer" daemon [_thread_blocked, id=9416, stack(0x0000009f50000000,0x0000009f50100000)]
  0x0000025b2adc1af0 JavaThread "Signal Dispatcher" daemon [_thread_blocked, id=11448, stack(0x0000009f50100000,0x0000009f50200000)]
  0x0000025b2adc24b0 JavaThread "Attach Listener" daemon [_thread_blocked, id=6836, stack(0x0000009f50200000,0x0000009f50300000)]
  0x0000025b2adc7f80 JavaThread "Service Thread" daemon [_thread_blocked, id=14684, stack(0x0000009f50300000,0x0000009f50400000)]
  0x0000025b2adcc260 JavaThread "C2 CompilerThread0" daemon [_thread_blocked, id=7520, stack(0x0000009f50400000,0x0000009f50500000)]
  0x0000025b2add5220 JavaThread "C1 CompilerThread0" daemon [_thread_blocked, id=13872, stack(0x0000009f50500000,0x0000009f50600000)]
  0x0000025b2adde4e0 JavaThread "Sweeper thread" daemon [_thread_blocked, id=14804, stack(0x0000009f50600000,0x0000009f50700000)]
  0x0000025b2b781100 JavaThread "Notification Thread" daemon [_thread_blocked, id=11640, stack(0x0000009f50700000,0x0000009f50800000)]
  0x0000025b2b786900 JavaThread "Common-Cleaner" daemon [_thread_blocked, id=12836, stack(0x0000009f50900000,0x0000009f50a00000)]

Other Threads:
  0x0000025b2ad9cf70 VMThread "VM Thread" [stack: 0x0000009f4fe00000,0x0000009f4ff00000] [id=9716]
  0x0000025b2b7865f0 WatcherThread [stack: 0x0000009f50800000,0x0000009f50900000] [id=9720]
  0x0000025b072c7570 GCTaskThread "GC Thread#0" [stack: 0x0000009f4f900000,0x0000009f4fa00000] [id=4920]
  0x0000025b072d9290 ConcurrentGCThread "G1 Main Marker" [stack: 0x0000009f4fa00000,0x0000009f4fb00000] [id=5416]
  0x0000025b072d9f00 ConcurrentGCThread "G1 Conc#0" [stack: 0x0000009f4fb00000,0x0000009f4fc00000] [id=14296]
  0x0000025b0733e900 ConcurrentGCThread "G1 Refine#0" [stack: 0x0000009f4fc00000,0x0000009f4fd00000] [id=8552]
  0x0000025b2ac926c0 ConcurrentGCThread "G1 Young RemSet Sampling" [stack: 0x0000009f4fd00000,0x0000009f4fe00000] [id=8420]

Threads with active compile tasks:

VM state: not at safepoint (normal execution)

VM Mutex/Monitor currently owned by a thread: None

Heap address: 0x0000000701600000, size: 4074 MB, Compressed Oops mode: Zero based, Oop shift amount: 3
CDS archive(s) mapped at: [0x0000000800000000-0x0000000800b50000-0x0000000800b50000), size 11862016, SharedBaseAddress: 0x0000000800000000, ArchiveRelocationMode: 0.
Compressed class space mapped at: 0x0000000800b50000-0x0000000840b50000, size: 1073741824
Narrow klass base: 0x0000000800000000, Narrow klass shift: 3, Narrow klass range: 0x100000000

GC Precious Log:
 CPUs: 12 total, 12 available
 Memory: 16293M
 Large Page Support: Disabled
 NUMA Support: Disabled
 Compressed Oops: Enabled (Zero based)
 Heap Region Size: 2M
 Heap Min Capacity: 8M
 Heap Initial Capacity: 256M
 Heap Max Capacity: 4074M
 Pre-touch: Disabled
 Parallel Workers: 10
 Concurrent Workers: 3
 Concurrent Refinement Workers: 10
 Periodic GC: Disabled

Heap:
 garbage-first heap   total 262144K, used 2048K [0x0000000701600000, 0x0000000800000000)
  region size 2048K, 2 young (4096K), 0 survivors (0K)
 Metaspace       used 773K, capacity 4677K, committed 4864K, reserved 1056768K
  class space    used 71K, capacity 427K, committed 512K, reserved 1048576K

Heap Regions: E=young(eden), S=young(survivor), O=old, HS=humongous(starts), HC=humongous(continues), CS=collection set, F=free, OA=open archive, CA=closed archive, TAMS=top-at-mark-start (previous, next)
|   0|0x0000000701600000, 0x0000000701600000, 0x0000000701800000|  0%| F|  |TAMS 0x0000000701600000, 0x0000000701600000| Untracked 
|   1|0x0000000701800000, 0x0000000701800000, 0x0000000701a00000|  0%| F|  |TAMS 0x0000000701800000, 0x0000000701800000| Untracked 
|   2|0x0000000701a00000, 0x0000000701a00000, 0x0000000701c00000|  0%| F|  |TAMS 0x0000000701a00000, 0x0000000701a00000| Untracked 
|   3|0x0000000701c00000, 0x0000000701c00000, 0x0000000701e00000|  0%| F|  |TAMS 0x0000000701c00000, 0x0000000701c00000| Untracked 
|   4|0x0000000701e00000, 0x0000000701e00000, 0x0000000702000000|  0%| F|  |TAMS 0x0000000701e00000, 0x0000000701e00000| Untracked 
|   5|0x0000000702000000, 0x0000000702000000, 0x0000000702200000|  0%| F|  |TAMS 0x0000000702000000, 0x0000000702000000| Untracked 
|   6|0x0000000702200000, 0x0000000702200000, 0x0000000702400000|  0%| F|  |TAMS 0x0000000702200000, 0x0000000702200000| Untracked 
|   7|0x0000000702400000, 0x0000000702400000, 0x0000000702600000|  0%| F|  |TAMS 0x0000000702400000, 0x0000000702400000| Untracked 
|   8|0x0000000702600000, 0x0000000702600000, 0x0000000702800000|  0%| F|  |TAMS 0x0000000702600000, 0x0000000702600000| Untracked 
|   9|0x0000000702800000, 0x0000000702800000, 0x0000000702a00000|  0%| F|  |TAMS 0x0000000702800000, 0x0000000702800000| Untracked 
|  10|0x0000000702a00000, 0x0000000702a00000, 0x0000000702c00000|  0%| F|  |TAMS 0x0000000702a00000, 0x0000000702a00000| Untracked 
|  11|0x0000000702c00000, 0x0000000702c00000, 0x0000000702e00000|  0%| F|  |TAMS 0x0000000702c00000, 0x0000000702c00000| Untracked 
|  12|0x0000000702e00000, 0x0000000702e00000, 0x0000000703000000|  0%| F|  |TAMS 0x0000000702e00000, 0x0000000702e00000| Untracked 
|  13|0x0000000703000000, 0x0000000703000000, 0x0000000703200000|  0%| F|  |TAMS 0x0000000703000000, 0x0000000703000000| Untracked 
|  14|0x0000000703200000, 0x0000000703200000, 0x0000000703400000|  0%| F|  |TAMS 0x0000000703200000, 0x0000000703200000| Untracked 
|  15|0x0000000703400000, 0x0000000703400000, 0x0000000703600000|  0%| F|  |TAMS 0x0000000703400000, 0x0000000703400000| Untracked 
|  16|0x0000000703600000, 0x0000000703600000, 0x0000000703800000|  0%| F|  |TAMS 0x0000000703600000, 0x0000000703600000| Untracked 
|  17|0x0000000703800000, 0x0000000703800000, 0x0000000703a00000|  0%| F|  |TAMS 0x0000000703800000, 0x0000000703800000| Untracked 
|  18|0x0000000703a00000, 0x0000000703a00000, 0x0000000703c00000|  0%| F|  |TAMS 0x0000000703a00000, 0x0000000703a00000| Untracked 
|  19|0x0000000703c00000, 0x0000000703c00000, 0x0000000703e00000|  0%| F|  |TAMS 0x0000000703c00000, 0x0000000703c00000| Untracked 
|  20|0x0000000703e00000, 0x0000000703e00000, 0x0000000704000000|  0%| F|  |TAMS 0x0000000703e00000, 0x0000000703e00000| Untracked 
|  21|0x0000000704000000, 0x0000000704000000, 0x0000000704200000|  0%| F|  |TAMS 0x0000000704000000, 0x0000000704000000| Untracked 
|  22|0x0000000704200000, 0x0000000704200000, 0x0000000704400000|  0%| F|  |TAMS 0x0000000704200000, 0x0000000704200000| Untracked 
|  23|0x0000000704400000, 0x0000000704400000, 0x0000000704600000|  0%| F|  |TAMS 0x0000000704400000, 0x0000000704400000| Untracked 
|  24|0x0000000704600000, 0x0000000704600000, 0x0000000704800000|  0%| F|  |TAMS 0x0000000704600000, 0x0000000704600000| Untracked 
|  25|0x0000000704800000, 0x0000000704800000, 0x0000000704a00000|  0%| F|  |TAMS 0x0000000704800000, 0x0000000704800000| Untracked 
|  26|0x0000000704a00000, 0x0000000704a00000, 0x0000000704c00000|  0%| F|  |TAMS 0x0000000704a00000, 0x0000000704a00000| Untracked 
|  27|0x0000000704c00000, 0x0000000704c00000, 0x0000000704e00000|  0%| F|  |TAMS 0x0000000704c00000, 0x0000000704c00000| Untracked 
|  28|0x0000000704e00000, 0x0000000704e00000, 0x0000000705000000|  0%| F|  |TAMS 0x0000000704e00000, 0x0000000704e00000| Untracked 
|  29|0x0000000705000000, 0x0000000705000000, 0x0000000705200000|  0%| F|  |TAMS 0x0000000705000000, 0x0000000705000000| Untracked 
|  30|0x0000000705200000, 0x0000000705200000, 0x0000000705400000|  0%| F|  |TAMS 0x0000000705200000, 0x0000000705200000| Untracked 
|  31|0x0000000705400000, 0x0000000705400000, 0x0000000705600000|  0%| F|  |TAMS 0x0000000705400000, 0x0000000705400000| Untracked 
|  32|0x0000000705600000, 0x0000000705600000, 0x0000000705800000|  0%| F|  |TAMS 0x0000000705600000, 0x0000000705600000| Untracked 
|  33|0x0000000705800000, 0x0000000705800000, 0x0000000705a00000|  0%| F|  |TAMS 0x0000000705800000, 0x0000000705800000| Untracked 
|  34|0x0000000705a00000, 0x0000000705a00000, 0x0000000705c00000|  0%| F|  |TAMS 0x0000000705a00000, 0x0000000705a00000| Untracked 
|  35|0x0000000705c00000, 0x0000000705c00000, 0x0000000705e00000|  0%| F|  |TAMS 0x0000000705c00000, 0x0000000705c00000| Untracked 
|  36|0x0000000705e00000, 0x0000000705e00000, 0x0000000706000000|  0%| F|  |TAMS 0x0000000705e00000, 0x0000000705e00000| Untracked 
|  37|0x0000000706000000, 0x0000000706000000, 0x0000000706200000|  0%| F|  |TAMS 0x0000000706000000, 0x0000000706000000| Untracked 
|  38|0x0000000706200000, 0x0000000706200000, 0x0000000706400000|  0%| F|  |TAMS 0x0000000706200000, 0x0000000706200000| Untracked 
|  39|0x0000000706400000, 0x0000000706400000, 0x0000000706600000|  0%| F|  |TAMS 0x0000000706400000, 0x0000000706400000| Untracked 
|  40|0x0000000706600000, 0x0000000706600000, 0x0000000706800000|  0%| F|  |TAMS 0x0000000706600000, 0x0000000706600000| Untracked 
|  41|0x0000000706800000, 0x0000000706800000, 0x0000000706a00000|  0%| F|  |TAMS 0x0000000706800000, 0x0000000706800000| Untracked 
|  42|0x0000000706a00000, 0x0000000706a00000, 0x0000000706c00000|  0%| F|  |TAMS 0x0000000706a00000, 0x0000000706a00000| Untracked 
|  43|0x0000000706c00000, 0x0000000706c00000, 0x0000000706e00000|  0%| F|  |TAMS 0x0000000706c00000, 0x0000000706c00000| Untracked 
|  44|0x0000000706e00000, 0x0000000706e00000, 0x0000000707000000|  0%| F|  |TAMS 0x0000000706e00000, 0x0000000706e00000| Untracked 
|  45|0x0000000707000000, 0x0000000707000000, 0x0000000707200000|  0%| F|  |TAMS 0x0000000707000000, 0x0000000707000000| Untracked 
|  46|0x0000000707200000, 0x0000000707200000, 0x0000000707400000|  0%| F|  |TAMS 0x0000000707200000, 0x0000000707200000| Untracked 
|  47|0x0000000707400000, 0x0000000707400000, 0x0000000707600000|  0%| F|  |TAMS 0x0000000707400000, 0x0000000707400000| Untracked 
|  48|0x0000000707600000, 0x0000000707600000, 0x0000000707800000|  0%| F|  |TAMS 0x0000000707600000, 0x0000000707600000| Untracked 
|  49|0x0000000707800000, 0x0000000707800000, 0x0000000707a00000|  0%| F|  |TAMS 0x0000000707800000, 0x0000000707800000| Untracked 
|  50|0x0000000707a00000, 0x0000000707a00000, 0x0000000707c00000|  0%| F|  |TAMS 0x0000000707a00000, 0x0000000707a00000| Untracked 
|  51|0x0000000707c00000, 0x0000000707c00000, 0x0000000707e00000|  0%| F|  |TAMS 0x0000000707c00000, 0x0000000707c00000| Untracked 
|  52|0x0000000707e00000, 0x0000000707e00000, 0x0000000708000000|  0%| F|  |TAMS 0x0000000707e00000, 0x0000000707e00000| Untracked 
|  53|0x0000000708000000, 0x0000000708000000, 0x0000000708200000|  0%| F|  |TAMS 0x0000000708000000, 0x0000000708000000| Untracked 
|  54|0x0000000708200000, 0x0000000708200000, 0x0000000708400000|  0%| F|  |TAMS 0x0000000708200000, 0x0000000708200000| Untracked 
|  55|0x0000000708400000, 0x0000000708400000, 0x0000000708600000|  0%| F|  |TAMS 0x0000000708400000, 0x0000000708400000| Untracked 
|  56|0x0000000708600000, 0x0000000708600000, 0x0000000708800000|  0%| F|  |TAMS 0x0000000708600000, 0x0000000708600000| Untracked 
|  57|0x0000000708800000, 0x0000000708800000, 0x0000000708a00000|  0%| F|  |TAMS 0x0000000708800000, 0x0000000708800000| Untracked 
|  58|0x0000000708a00000, 0x0000000708a00000, 0x0000000708c00000|  0%| F|  |TAMS 0x0000000708a00000, 0x0000000708a00000| Untracked 
|  59|0x0000000708c00000, 0x0000000708c00000, 0x0000000708e00000|  0%| F|  |TAMS 0x0000000708c00000, 0x0000000708c00000| Untracked 
|  60|0x0000000708e00000, 0x0000000708e00000, 0x0000000709000000|  0%| F|  |TAMS 0x0000000708e00000, 0x0000000708e00000| Untracked 
|  61|0x0000000709000000, 0x0000000709000000, 0x0000000709200000|  0%| F|  |TAMS 0x0000000709000000, 0x0000000709000000| Untracked 
|  62|0x0000000709200000, 0x0000000709200000, 0x0000000709400000|  0%| F|  |TAMS 0x0000000709200000, 0x0000000709200000| Untracked 
|  63|0x0000000709400000, 0x0000000709400000, 0x0000000709600000|  0%| F|  |TAMS 0x0000000709400000, 0x0000000709400000| Untracked 
|  64|0x0000000709600000, 0x0000000709600000, 0x0000000709800000|  0%| F|  |TAMS 0x0000000709600000, 0x0000000709600000| Untracked 
|  65|0x0000000709800000, 0x0000000709800000, 0x0000000709a00000|  0%| F|  |TAMS 0x0000000709800000, 0x0000000709800000| Untracked 
|  66|0x0000000709a00000, 0x0000000709a00000, 0x0000000709c00000|  0%| F|  |TAMS 0x0000000709a00000, 0x0000000709a00000| Untracked 
|  67|0x0000000709c00000, 0x0000000709c00000, 0x0000000709e00000|  0%| F|  |TAMS 0x0000000709c00000, 0x0000000709c00000| Untracked 
|  68|0x0000000709e00000, 0x0000000709e00000, 0x000000070a000000|  0%| F|  |TAMS 0x0000000709e00000, 0x0000000709e00000| Untracked 
|  69|0x000000070a000000, 0x000000070a000000, 0x000000070a200000|  0%| F|  |TAMS 0x000000070a000000, 0x000000070a000000| Untracked 
|  70|0x000000070a200000, 0x000000070a200000, 0x000000070a400000|  0%| F|  |TAMS 0x000000070a200000, 0x000000070a200000| Untracked 
|  71|0x000000070a400000, 0x000000070a400000, 0x000000070a600000|  0%| F|  |TAMS 0x000000070a400000, 0x000000070a400000| Untracked 
|  72|0x000000070a600000, 0x000000070a600000, 0x000000070a800000|  0%| F|  |TAMS 0x000000070a600000, 0x000000070a600000| Untracked 
|  73|0x000000070a800000, 0x000000070a800000, 0x000000070aa00000|  0%| F|  |TAMS 0x000000070a800000, 0x000000070a800000| Untracked 
|  74|0x000000070aa00000, 0x000000070aa00000, 0x000000070ac00000|  0%| F|  |TAMS 0x000000070aa00000, 0x000000070aa00000| Untracked 
|  75|0x000000070ac00000, 0x000000070ac00000, 0x000000070ae00000|  0%| F|  |TAMS 0x000000070ac00000, 0x000000070ac00000| Untracked 
|  76|0x000000070ae00000, 0x000000070ae00000, 0x000000070b000000|  0%| F|  |TAMS 0x000000070ae00000, 0x000000070ae00000| Untracked 
|  77|0x000000070b000000, 0x000000070b000000, 0x000000070b200000|  0%| F|  |TAMS 0x000000070b000000, 0x000000070b000000| Untracked 
|  78|0x000000070b200000, 0x000000070b200000, 0x000000070b400000|  0%| F|  |TAMS 0x000000070b200000, 0x000000070b200000| Untracked 
|  79|0x000000070b400000, 0x000000070b400000, 0x000000070b600000|  0%| F|  |TAMS 0x000000070b400000, 0x000000070b400000| Untracked 
|  80|0x000000070b600000, 0x000000070b600000, 0x000000070b800000|  0%| F|  |TAMS 0x000000070b600000, 0x000000070b600000| Untracked 
|  81|0x000000070b800000, 0x000000070b800000, 0x000000070ba00000|  0%| F|  |TAMS 0x000000070b800000, 0x000000070b800000| Untracked 
|  82|0x000000070ba00000, 0x000000070ba00000, 0x000000070bc00000|  0%| F|  |TAMS 0x000000070ba00000, 0x000000070ba00000| Untracked 
|  83|0x000000070bc00000, 0x000000070bc00000, 0x000000070be00000|  0%| F|  |TAMS 0x000000070bc00000, 0x000000070bc00000| Untracked 
|  84|0x000000070be00000, 0x000000070be00000, 0x000000070c000000|  0%| F|  |TAMS 0x000000070be00000, 0x000000070be00000| Untracked 
|  85|0x000000070c000000, 0x000000070c000000, 0x000000070c200000|  0%| F|  |TAMS 0x000000070c000000, 0x000000070c000000| Untracked 
|  86|0x000000070c200000, 0x000000070c200000, 0x000000070c400000|  0%| F|  |TAMS 0x000000070c200000, 0x000000070c200000| Untracked 
|  87|0x000000070c400000, 0x000000070c400000, 0x000000070c600000|  0%| F|  |TAMS 0x000000070c400000, 0x000000070c400000| Untracked 
|  88|0x000000070c600000, 0x000000070c600000, 0x000000070c800000|  0%| F|  |TAMS 0x000000070c600000, 0x000000070c600000| Untracked 
|  89|0x000000070c800000, 0x000000070c800000, 0x000000070ca00000|  0%| F|  |TAMS 0x000000070c800000, 0x000000070c800000| Untracked 
|  90|0x000000070ca00000, 0x000000070ca00000, 0x000000070cc00000|  0%| F|  |TAMS 0x000000070ca00000, 0x000000070ca00000| Untracked 
|  91|0x000000070cc00000, 0x000000070cc00000, 0x000000070ce00000|  0%| F|  |TAMS 0x000000070cc00000, 0x000000070cc00000| Untracked 
|  92|0x000000070ce00000, 0x000000070ce00000, 0x000000070d000000|  0%| F|  |TAMS 0x000000070ce00000, 0x000000070ce00000| Untracked 
|  93|0x000000070d000000, 0x000000070d000000, 0x000000070d200000|  0%| F|  |TAMS 0x000000070d000000, 0x000000070d000000| Untracked 
|  94|0x000000070d200000, 0x000000070d200000, 0x000000070d400000|  0%| F|  |TAMS 0x000000070d200000, 0x000000070d200000| Untracked 
|  95|0x000000070d400000, 0x000000070d400000, 0x000000070d600000|  0%| F|  |TAMS 0x000000070d400000, 0x000000070d400000| Untracked 
|  96|0x000000070d600000, 0x000000070d600000, 0x000000070d800000|  0%| F|  |TAMS 0x000000070d600000, 0x000000070d600000| Untracked 
|  97|0x000000070d800000, 0x000000070d800000, 0x000000070da00000|  0%| F|  |TAMS 0x000000070d800000, 0x000000070d800000| Untracked 
|  98|0x000000070da00000, 0x000000070da00000, 0x000000070dc00000|  0%| F|  |TAMS 0x000000070da00000, 0x000000070da00000| Untracked 
|  99|0x000000070dc00000, 0x000000070dc00000, 0x000000070de00000|  0%| F|  |TAMS 0x000000070dc00000, 0x000000070dc00000| Untracked 
| 100|0x000000070de00000, 0x000000070de00000, 0x000000070e000000|  0%| F|  |TAMS 0x000000070de00000, 0x000000070de00000| Untracked 
| 101|0x000000070e000000, 0x000000070e000000, 0x000000070e200000|  0%| F|  |TAMS 0x000000070e000000, 0x000000070e000000| Untracked 
| 102|0x000000070e200000, 0x000000070e200000, 0x000000070e400000|  0%| F|  |TAMS 0x000000070e200000, 0x000000070e200000| Untracked 
| 103|0x000000070e400000, 0x000000070e400000, 0x000000070e600000|  0%| F|  |TAMS 0x000000070e400000, 0x000000070e400000| Untracked 
| 104|0x000000070e600000, 0x000000070e600000, 0x000000070e800000|  0%| F|  |TAMS 0x000000070e600000, 0x000000070e600000| Untracked 
| 105|0x000000070e800000, 0x000000070e800000, 0x000000070ea00000|  0%| F|  |TAMS 0x000000070e800000, 0x000000070e800000| Untracked 
| 106|0x000000070ea00000, 0x000000070ea00000, 0x000000070ec00000|  0%| F|  |TAMS 0x000000070ea00000, 0x000000070ea00000| Untracked 
| 107|0x000000070ec00000, 0x000000070ec00000, 0x000000070ee00000|  0%| F|  |TAMS 0x000000070ec00000, 0x000000070ec00000| Untracked 
| 108|0x000000070ee00000, 0x000000070ee00000, 0x000000070f000000|  0%| F|  |TAMS 0x000000070ee00000, 0x000000070ee00000| Untracked 
| 109|0x000000070f000000, 0x000000070f000000, 0x000000070f200000|  0%| F|  |TAMS 0x000000070f000000, 0x000000070f000000| Untracked 
| 110|0x000000070f200000, 0x000000070f200000, 0x000000070f400000|  0%| F|  |TAMS 0x000000070f200000, 0x000000070f200000| Untracked 
| 111|0x000000070f400000, 0x000000070f400000, 0x000000070f600000|  0%| F|  |TAMS 0x000000070f400000, 0x000000070f400000| Untracked 
| 112|0x000000070f600000, 0x000000070f600000, 0x000000070f800000|  0%| F|  |TAMS 0x000000070f600000, 0x000000070f600000| Untracked 
| 113|0x000000070f800000, 0x000000070f800000, 0x000000070fa00000|  0%| F|  |TAMS 0x000000070f800000, 0x000000070f800000| Untracked 
| 114|0x000000070fa00000, 0x000000070fa00000, 0x000000070fc00000|  0%| F|  |TAMS 0x000000070fa00000, 0x000000070fa00000| Untracked 
| 115|0x000000070fc00000, 0x000000070fc00000, 0x000000070fe00000|  0%| F|  |TAMS 0x000000070fc00000, 0x000000070fc00000| Untracked 
| 116|0x000000070fe00000, 0x000000070fe00000, 0x0000000710000000|  0%| F|  |TAMS 0x000000070fe00000, 0x000000070fe00000| Untracked 
| 117|0x0000000710000000, 0x0000000710000000, 0x0000000710200000|  0%| F|  |TAMS 0x0000000710000000, 0x0000000710000000| Untracked 
| 118|0x0000000710200000, 0x0000000710200000, 0x0000000710400000|  0%| F|  |TAMS 0x0000000710200000, 0x0000000710200000| Untracked 
| 119|0x0000000710400000, 0x0000000710400000, 0x0000000710600000|  0%| F|  |TAMS 0x0000000710400000, 0x0000000710400000| Untracked 
| 120|0x0000000710600000, 0x0000000710600000, 0x0000000710800000|  0%| F|  |TAMS 0x0000000710600000, 0x0000000710600000| Untracked 
| 121|0x0000000710800000, 0x0000000710800000, 0x0000000710a00000|  0%| F|  |TAMS 0x0000000710800000, 0x0000000710800000| Untracked 
| 122|0x0000000710a00000, 0x0000000710a00000, 0x0000000710c00000|  0%| F|  |TAMS 0x0000000710a00000, 0x0000000710a00000| Untracked 
| 123|0x0000000710c00000, 0x0000000710c00000, 0x0000000710e00000|  0%| F|  |TAMS 0x0000000710c00000, 0x0000000710c00000| Untracked 
| 124|0x0000000710e00000, 0x0000000710e00000, 0x0000000711000000|  0%| F|  |TAMS 0x0000000710e00000, 0x0000000710e00000| Untracked 
| 125|0x0000000711000000, 0x0000000711000000, 0x0000000711200000|  0%| F|  |TAMS 0x0000000711000000, 0x0000000711000000| Untracked 
| 126|0x0000000711200000, 0x0000000711271250, 0x0000000711400000| 22%| E|  |TAMS 0x0000000711200000, 0x0000000711200000| Complete 
| 127|0x0000000711400000, 0x0000000711600000, 0x0000000711600000|100%| E|CS|TAMS 0x0000000711400000, 0x0000000711400000| Complete 

Card table byte_map: [0x0000025b1f1f0000,0x0000025b1f9f0000] _byte_map_base: 0x0000025b1b9e5000

Marking Bits (Prev, Next): (CMBitMap*) 0x0000025b072c7de0, (CMBitMap*) 0x0000025b072c7e20
 Prev Bits: [0x0000025b201f0000, 0x0000025b24198000)
 Next Bits: [0x0000025b241a0000, 0x0000025b28148000)

Polling page: 0x0000025b06a40000

Metaspace:

Usage:
  Non-class:      4.15 MB capacity,   701.38 KB ( 17%) used,     3.46 MB ( 83%) free+waste,   704 bytes ( <1%) overhead. 
      Class:    427.00 KB capacity,    71.84 KB ( 17%) used,   354.66 KB ( 83%) free+waste,   512 bytes ( <1%) overhead. 
       Both:      4.57 MB capacity,   773.22 KB ( 17%) used,     3.81 MB ( 83%) free+waste,     1.19 KB ( <1%) overhead. 

Virtual space:
  Non-class space:        8.00 MB reserved,       4.25 MB ( 53%) committed 
      Class space:        1.00 GB reserved,     512.00 KB ( <1%) committed 
             Both:        1.01 GB reserved,       4.75 MB ( <1%) committed 

Chunk freelists:
   Non-Class:  38.00 KB
       Class:  21.00 KB
        Both:  59.00 KB

MaxMetaspaceSize: 17179869184.00 GB
CompressedClassSpaceSize: 1.00 GB

CodeHeap 'non-profiled nmethods': size=120000Kb used=66Kb max_used=66Kb free=119933Kb
 bounds [0x0000025b16f70000, 0x0000025b171e0000, 0x0000025b1e4a0000]
CodeHeap 'profiled nmethods': size=120000Kb used=267Kb max_used=267Kb free=119732Kb
 bounds [0x0000025b0fa40000, 0x0000025b0fcb0000, 0x0000025b16f70000]
CodeHeap 'non-nmethods': size=5760Kb used=1122Kb max_used=1136Kb free=4638Kb
 bounds [0x0000025b0f4a0000, 0x0000025b0f710000, 0x0000025b0fa40000]
 total_blobs=592 nmethods=229 adapters=276
 compilation: enabled
              stopped_count=0, restarted_count=0
 full_count=0

Compilation events (20 events):
Event: 0.063 Thread 0x0000025b2add5220  219       3       java.nio.Buffer::limit (65 bytes)
Event: 0.063 Thread 0x0000025b2add5220 nmethod 219 0x0000025b0fa7fc90 code [0x0000025b0fa7fe40, 0x0000025b0fa800e8]
Event: 0.063 Thread 0x0000025b2add5220  220       1       java.nio.DirectByteBuffer::address (5 bytes)
Event: 0.063 Thread 0x0000025b2add5220 nmethod 220 0x0000025b16f7fa90 code [0x0000025b16f7fc20, 0x0000025b16f7fcd8]
Event: 0.063 Thread 0x0000025b2add5220  221       1       java.nio.DirectByteBuffer::attachment (5 bytes)
Event: 0.063 Thread 0x0000025b2add5220 nmethod 221 0x0000025b16f7fd90 code [0x0000025b16f7ff20, 0x0000025b16f7ffd8]
Event: 0.063 Thread 0x0000025b2add5220  222       3       java.util.Arrays::copyOf (19 bytes)
Event: 0.063 Thread 0x0000025b2add5220 nmethod 222 0x0000025b0fa80190 code [0x0000025b0fa80340, 0x0000025b0fa80628]
Event: 0.063 Thread 0x0000025b2add5220  223       3       java.lang.StringLatin1::replace (198 bytes)
Event: 0.064 Thread 0x0000025b2add5220 nmethod 223 0x0000025b0fa80790 code [0x0000025b0fa80a00, 0x0000025b0fa81768]
Event: 0.064 Thread 0x0000025b2add5220  224       3       sun.nio.fs.WindowsPathParser::isInvalidPathChar (22 bytes)
Event: 0.064 Thread 0x0000025b2add5220 nmethod 224 0x0000025b0fa81c10 code [0x0000025b0fa81de0, 0x0000025b0fa82108]
Event: 0.064 Thread 0x0000025b2add5220  225       3       java.lang.StringUTF16::compress (50 bytes)
Event: 0.064 Thread 0x0000025b2add5220 nmethod 225 0x0000025b0fa82210 code [0x0000025b0fa823c0, 0x0000025b0fa825f8]
Event: 0.068 Thread 0x0000025b2adcc260  226       4       java.lang.String::length (11 bytes)
Event: 0.068 Thread 0x0000025b2adcc260 nmethod 226 0x0000025b16f80090 code [0x0000025b16f80200, 0x0000025b16f80278]
Event: 0.634 Thread 0x0000025b2add5220  228       3       jdk.internal.misc.Unsafe::getLongUnaligned (173 bytes)
Event: 0.635 Thread 0x0000025b2add5220 nmethod 228 0x0000025b0fa82790 code [0x0000025b0fa82960, 0x0000025b0fa82d28]
Event: 0.635 Thread 0x0000025b2adcc260  229       4       jdk.internal.misc.Unsafe::getLongUnaligned (173 bytes)
Event: 0.635 Thread 0x0000025b2adcc260 nmethod 229 0x0000025b16f80790 code [0x0000025b16f80900, 0x0000025b16f809b8]

GC Heap History (0 events):
No events

Deoptimization events (4 events):
Event: 0.050 Thread 0x0000025b07273760 Uncommon trap: trap_request=0xffffff45 fr.pc=0x0000025b16f7403c relative=0x000000000000021c
Event: 0.050 Thread 0x0000025b07273760 Uncommon trap: reason=unstable_if action=reinterpret pc=0x0000025b16f7403c method=java.lang.String.hashCode()I @ 13 c2
Event: 0.050 Thread 0x0000025b07273760 DEOPT PACKING pc=0x0000025b16f7403c sp=0x0000009f4f8fbf80
Event: 0.050 Thread 0x0000025b07273760 DEOPT UNPACKING pc=0x0000025b0f4ee42f sp=0x0000009f4f8fbf18 mode 2

Classes unloaded (0 events):
No events

Classes redefined (0 events):
No events

Internal exceptions (1 events):
Event: 0.037 Thread 0x0000025b07273760 Exception <a 'java/lang/NullPointerException'{0x0000000711561858}> (0x0000000711561858) 
thrown [./open/src/hotspot/share/interpreter/linkResolver.cpp, line 1374]

Events (20 events):
Event: 0.057 loading class sun/util/resources/Bundles$2 done
Event: 0.057 loading class java/lang/InstantiationException
Event: 0.057 loading class java/lang/InstantiationException done
Event: 0.057 loading class java/lang/IllegalAccessException
Event: 0.057 loading class java/lang/IllegalAccessException done
Event: 0.057 loading class java/lang/InternalError
Event: 0.057 loading class java/lang/InternalError done
Event: 0.062 loading class java/util/Formatter$FixedString
Event: 0.062 loading class java/util/Formatter$FixedString done
Event: 0.063 loading class java/io/FilePermission$1
Event: 0.063 loading class jdk/internal/access/JavaIOFilePermissionAccess
Event: 0.063 loading class jdk/internal/access/JavaIOFilePermissionAccess done
Event: 0.063 loading class java/io/FilePermission$1 done
Event: 0.065 loading class java/io/FileOutputStream$1
Event: 0.065 loading class java/io/FileOutputStream$1 done
Event: 0.067 loading class java/io/DeleteOnExitHook
Event: 0.068 loading class java/io/DeleteOnExitHook done
Event: 0.068 loading class java/io/DeleteOnExitHook$1
Event: 0.068 loading class java/io/DeleteOnExitHook$1 done
Event: 0.640 Loaded shared library C:\Users\User\AppData\Local\Temp\jansi-2.1.0-f32cb1a6e9cca32a-jansi.dll


Dynamic libraries:
0x00007ff7e5210000 - 0x00007ff7e521f000 	E:\Java\bin\javaw.exe
0x00007ffc77060000 - 0x00007ffc7724d000 	C:\Windows\SYSTEM32\ntdll.dll
0x00007ffc76920000 - 0x00007ffc769d4000 	C:\Windows\System32\KERNEL32.DLL
0x00007ffc73270000 - 0x00007ffc73505000 	C:\Windows\System32\KERNELBASE.dll
0x00007ffc74100000 - 0x00007ffc741fa000 	C:\Windows\System32\ucrtbase.dll
0x00007ffc4cff0000 - 0x00007ffc4d009000 	E:\Java\bin\VCRUNTIME140.dll
0x00007ffc4eed0000 - 0x00007ffc4eee8000 	E:\Java\bin\jli.dll
0x00007ffc74440000 - 0x00007ffc744e4000 	C:\Windows\System32\ADVAPI32.dll
0x00007ffc76c50000 - 0x00007ffc76cee000 	C:\Windows\System32\msvcrt.dll
0x00007ffc74ed0000 - 0x00007ffc74f6e000 	C:\Windows\System32\sechost.dll
0x00007ffc74b90000 - 0x00007ffc74caf000 	C:\Windows\System32\RPCRT4.dll
0x00007ffc74290000 - 0x00007ffc74427000 	C:\Windows\System32\USER32.dll
0x00007ffc73250000 - 0x00007ffc73270000 	C:\Windows\System32\win32u.dll
0x00007ffc60cb0000 - 0x00007ffc60f29000 	C:\Windows\WinSxS\amd64_microsoft.windows.common-controls_6595b64144ccf1df_6.0.17763.2237_none_de70457e534c3aa8\COMCTL32.dll
0x00007ffc744f0000 - 0x00007ffc74519000 	C:\Windows\System32\GDI32.dll
0x00007ffc735d0000 - 0x00007ffc7376c000 	C:\Windows\System32\gdi32full.dll
0x00007ffc750f0000 - 0x00007ffc7541d000 	C:\Windows\System32\combase.dll
0x00007ffc73530000 - 0x00007ffc735d0000 	C:\Windows\System32\msvcp_win.dll
0x00007ffc74200000 - 0x00007ffc74282000 	C:\Windows\System32\bcryptPrimitives.dll
0x00007ffc6e4f0000 - 0x00007ffc6e4fa000 	C:\Windows\SYSTEM32\VERSION.dll
0x00007ffc750c0000 - 0x00007ffc750ee000 	C:\Windows\System32\IMM32.DLL
0x00007ffc5bd20000 - 0x00007ffc5bd2c000 	E:\Java\bin\vcruntime140_1.dll
0x00007ffc30e30000 - 0x00007ffc30ec1000 	E:\Java\bin\msvcp140.dll
0x00007ffc21980000 - 0x00007ffc224de000 	E:\Java\bin\server\jvm.dll
0x00007ffc74ff0000 - 0x00007ffc74ff8000 	C:\Windows\System32\PSAPI.DLL
0x00007ffc712a0000 - 0x00007ffc712c4000 	C:\Windows\SYSTEM32\WINMM.dll
0x00007ffc6fa40000 - 0x00007ffc6fa49000 	C:\Windows\SYSTEM32\WSOCK32.dll
0x00007ffc76a00000 - 0x00007ffc76a6d000 	C:\Windows\System32\WS2_32.dll
0x00007ffc71270000 - 0x00007ffc7129d000 	C:\Windows\SYSTEM32\WINMMBASE.dll
0x00007ffc73150000 - 0x00007ffc7319a000 	C:\Windows\System32\cfgmgr32.dll
0x00007ffc73050000 - 0x00007ffc73061000 	C:\Windows\System32\kernel.appcore.dll
0x00007ffc5b440000 - 0x00007ffc5b44a000 	E:\Java\bin\jimage.dll
0x00007ffc62330000 - 0x00007ffc6251d000 	C:\Windows\SYSTEM32\DBGHELP.DLL
0x00007ffc61670000 - 0x00007ffc6169a000 	C:\Windows\SYSTEM32\dbgcore.DLL
0x00007ffc4cfc0000 - 0x00007ffc4cfe5000 	E:\Java\bin\java.dll
0x00007ffc75420000 - 0x00007ffc76918000 	C:\Windows\System32\SHELL32.dll
0x00007ffc74cb0000 - 0x00007ffc74d58000 	C:\Windows\System32\shcore.dll
0x00007ffc73770000 - 0x00007ffc73eba000 	C:\Windows\System32\windows.storage.dll
0x00007ffc730f0000 - 0x00007ffc73114000 	C:\Windows\System32\profapi.dll
0x00007ffc73070000 - 0x00007ffc730cd000 	C:\Windows\System32\powrprof.dll
0x00007ffc75060000 - 0x00007ffc750b2000 	C:\Windows\System32\shlwapi.dll
0x00007ffc73510000 - 0x00007ffc73527000 	C:\Windows\System32\cryptsp.dll
0x00007ffc4be00000 - 0x00007ffc4be19000 	E:\Java\bin\net.dll
0x00007ffc6b590000 - 0x00007ffc6b681000 	C:\Windows\SYSTEM32\WINHTTP.dll
0x00007ffc72840000 - 0x00007ffc728a7000 	C:\Windows\system32\mswsock.dll
0x00007ffc4bde0000 - 0x00007ffc4bdf2000 	E:\Java\bin\nio.dll
0x00007ffc4bc80000 - 0x00007ffc4bc98000 	E:\Java\bin\zip.dll
0x0000000069ac0000 - 0x0000000069b1b000 	C:\Users\User\AppData\Local\Temp\jansi-2.1.0-f32cb1a6e9cca32a-jansi.dll

dbghelp: loaded successfully - version: 4.0.5 - missing functions: none
symbol engine: initialized successfully - sym options: 0x614 - pdb path: .;E:\Java\bin;C:\Windows\SYSTEM32;C:\Windows\WinSxS\amd64_microsoft.windows.common-controls_6595b64144ccf1df_6.0.17763.2237_none_de70457e534c3aa8;E:\Java\bin\server;C:\Users\User\AppData\Local\Temp

VM Arguments:
java_command: C:\Users\User\IdeaProjects\JoyCasino\ideabuild\Casino_jar\Casino.jar
java_class_path (initial): C:\Users\User\IdeaProjects\JoyCasino\ideabuild\Casino_jar\Casino.jar
Launcher Type: SUN_STANDARD

[Global flags]
     intx CICompilerCount                          = 4                                         {product} {ergonomic}
     uint ConcGCThreads                            = 3                                         {product} {ergonomic}
     uint G1ConcRefinementThreads                  = 10                                        {product} {ergonomic}
   size_t G1HeapRegionSize                         = 2097152                                   {product} {ergonomic}
    uintx GCDrainStackTargetSize                   = 64                                        {product} {ergonomic}
   size_t InitialHeapSize                          = 268435456                                 {product} {ergonomic}
   size_t MarkStackSize                            = 4194304                                   {product} {ergonomic}
   size_t MaxHeapSize                              = 4271898624                                {product} {ergonomic}
   size_t MaxNewSize                               = 2562719744                                {product} {ergonomic}
   size_t MinHeapDeltaBytes                        = 2097152                                   {product} {ergonomic}
   size_t MinHeapSize                              = 8388608                                   {product} {ergonomic}
    uintx NonNMethodCodeHeapSize                   = 5839372                                {pd product} {ergonomic}
    uintx NonProfiledCodeHeapSize                  = 122909434                              {pd product} {ergonomic}
    uintx ProfiledCodeHeapSize                     = 122909434                              {pd product} {ergonomic}
    uintx ReservedCodeCacheSize                    = 251658240                              {pd product} {ergonomic}
     bool SegmentedCodeCache                       = true                                      {product} {ergonomic}
   size_t SoftMaxHeapSize                          = 4271898624                             {manageable} {ergonomic}
     bool UseCompressedClassPointers               = true                                 {lp64_product} {ergonomic}
     bool UseCompressedOops                        = true                                 {lp64_product} {ergonomic}
     bool UseG1GC                                  = true                                      {product} {ergonomic}
     bool UseLargePagesIndividualAllocation        = false                                  {pd product} {ergonomic}

Logging:
Log output configuration:
 #0: stdout all=warning uptime,level,tags
 #1: stderr all=off uptime,level,tags

Environment Variables:
PATH=C:\Python39\Scripts\;C:\Python39\;C:\Program Files\Common Files\Oracle\Java\javapath;C:\Program Files (x86)\Common Files\Oracle\Java\javapath;C:\Windows\system32;C:\Windows;C:\Windows\System32\Wbem;C:\Windows\System32\WindowsPowerShell\v1.0\;C:\Windows\System32\OpenSSH\;C:\Program Files\dotnet\;C:\Program Files\Microsoft SQL Server\130\Tools\Binn\;C:\Program Files\Microsoft SQL Server\Client SDK\ODBC\170\Tools\Binn\;E:\Java\bin;C:\Program Files\Git\cmd;C:\Program Files\nodejs\;C:\ProgramData\chocolatey\bin;C:\Users\User\AppData\Local\Microsoft\WindowsApps;C:\Users\User\.dotnet\tools;C:\Program Files\JetBrains\IntelliJ IDEA Community Edition 2020.3.2\bin;;C:\Users\User\AppData\Local\Programs\Microsoft VS Code\bin;C:\Users\User\AppData\Roaming\npm
USERNAME=User
OS=Windows_NT
PROCESSOR_IDENTIFIER=Intel64 Family 6 Model 165 Stepping 3, GenuineIntel



---------------  S Y S T E M  ---------------

OS:
 Windows 10 , 64 bit Build 17763 (10.0.17763.2145)
OS uptime: 0 days 11:26 hours

CPU: total 12 (initial active 12) (6 cores per cpu, 2 threads per core) family 6 model 165 stepping 3 microcode 0xe0, cmov, cx8, fxsr, mmx, sse, sse2, sse3, ssse3, sse4.1, sse4.2, popcnt, vzeroupper, avx, avx2, aes, clmul, erms, 3dnowpref, lzcnt, ht, tsc, tscinvbit, bmi1, bmi2, adx, fma, clflush, clflushopt

Memory: 4k page, system-wide physical 16293M (7991M free)
TotalPageFile size 18725M (AvailPageFile size 4873M)
current process WorkingSet (physical memory assigned to process): 33M, peak: 33M
current process commit charge ("private bytes"): 352M, peak: 352M

vm_info: Java HotSpot(TM) 64-Bit Server VM (15.0.2+7-27) for windows-amd64 JRE (15.0.2+7-27), built on Dec  7 2020 20:07:01 by "mach5one" with unknown MS VC++:1925

END.
